This file contains any messages produced by compilers while
running configure, to aid debugging if configure makes a mistake.

It was created by SurveySim configure 1.0, which was
generated by GNU Autoconf 2.63.  Invocation command line was

  $ ./configure 

## --------- ##
## Platform. ##
## --------- ##

hostname = Annas-MacBook-Pro-2.local
uname -m = x86_64
uname -r = 11.4.2
uname -s = Darwin
uname -v = Darwin Kernel Version 11.4.2: Thu Aug 23 16:25:48 PDT 2012; root:xnu-1699.32.7~1/RELEASE_X86_64

/usr/bin/uname -p = i386
/bin/uname -X     = unknown

/bin/arch              = unknown
/usr/bin/arch -k       = unknown
/usr/convex/getsysinfo = unknown
/usr/bin/hostinfo      = Mach kernel version:
	 Darwin Kernel Version 11.4.2: Thu Aug 23 16:25:48 PDT 2012; root:xnu-1699.32.7~1/RELEASE_X86_64
Kernel configured for up to 4 processors.
2 processors are physically available.
4 processors are logically available.
Processor type: i486 (Intel 80486)
Processors active: 0 1 2 3
Primary memory available: 4.00 gigabytes
Default processor set: 103 tasks, 555 threads, 4 processors
Load average: 2.22, Mach factor: 1.77
/bin/machine           = unknown
/usr/bin/oslevel       = unknown
/bin/universe          = unknown

PATH: /opt/local/bin
PATH: /opt/local/sbin
PATH: /opt/local/bin
PATH: /opt/local/sbin
PATH: .
PATH: /opt/local/bin
PATH: /opt/local/sbin
PATH: /opt/local/bin
PATH: /opt/local/sbin
PATH: .
PATH: /usr/bin
PATH: /bin
PATH: /usr/sbin
PATH: /sbin
PATH: /usr/local/bin
PATH: /usr/X11/bin
PATH: /usr/texbin
PATH: /usr/local/bin
PATH: /scisoft
PATH: /scisoft/pip-1.3.1/pip
PATH: /scisoft/cfitsio/lib
PATH: /scisoft/etc
PATH: /Users/annie/code/f77
PATH: /usr/share/emacs/22.1/etc
PATH: /opt/local/bin
PATH: /opt/local/var/macports/rsync.macports.org/release/ports/x11
PATH: /opt/local/var/macport/sources/rsync.macports.org/release/base/src
PATH: /local-star/bin/gaia
PATH: /local-star/bin/convert
PATH: /local-star/bin/kappa
PATH: /usr/X11/bin
PATH: /usr/local/bin
PATH: /scisoft
PATH: /scisoft/pip-1.3.1/pip
PATH: /scisoft/cfitsio/lib
PATH: /scisoft/etc
PATH: /Users/annie/code/f77
PATH: /usr/share/emacs/22.1/etc
PATH: /opt/local/bin
PATH: /opt/local/var/macports/rsync.macports.org/release/ports/x11
PATH: /opt/local/var/macport/sources/rsync.macports.org/release/base/src
PATH: /local-star/bin/gaia
PATH: /local-star/bin/convert
PATH: /local-star/bin/kappa


## ----------- ##
## Core tests. ##
## ----------- ##

configure:1882: checking for a BSD-compatible install
configure:1950: result: /usr/bin/install -c
configure:1961: checking whether build environment is sane
configure:2021: result: yes
configure:2162: checking for a thread-safe mkdir -p
configure:2201: result: ./install-sh -c -d
configure:2214: checking for gawk
configure:2244: result: no
configure:2214: checking for mawk
configure:2244: result: no
configure:2214: checking for nawk
configure:2244: result: no
configure:2214: checking for awk
configure:2230: found /usr/bin/awk
configure:2241: result: awk
configure:2252: checking whether make sets $(MAKE)
configure:2274: result: yes
configure:2419: checking for g++
configure:2435: found /usr/bin/g++
configure:2446: result: g++
configure:2473: checking for C++ compiler version
configure:2481: g++ --version >&5
i686-apple-darwin11-llvm-g++-4.2 (GCC) 4.2.1 (Based on Apple Inc. build 5658) (LLVM build 2335.15.00)
Copyright (C) 2007 Free Software Foundation, Inc.
This is free software; see the source for copying conditions.  There is NO
warranty; not even for MERCHANTABILITY or FITNESS FOR A PARTICULAR PURPOSE.

configure:2485: $? = 0
configure:2492: g++ -v >&5
Using built-in specs.
Target: i686-apple-darwin11
Configured with: /private/var/tmp/llvmgcc42/llvmgcc42-2335.15~25/src/configure --disable-checking --enable-werror --prefix=/Developer/usr/llvm-gcc-4.2 --mandir=/share/man --enable-languages=c,objc,c++,obj-c++ --program-prefix=llvm- --program-transform-name=/^[cg][^.-]*$/s/$/-4.2/ --with-slibdir=/usr/lib --build=i686-apple-darwin11 --enable-llvm=/private/var/tmp/llvmgcc42/llvmgcc42-2335.15~25/dst-llvmCore/Developer/usr/local --program-prefix=i686-apple-darwin11- --host=x86_64-apple-darwin11 --target=i686-apple-darwin11 --with-gxx-include-dir=/usr/include/c++/4.2.1
Thread model: posix
gcc version 4.2.1 (Based on Apple Inc. build 5658) (LLVM build 2335.15.00)
configure:2496: $? = 0
configure:2503: g++ -V >&5
llvm-g++-4.2: argument to `-V' is missing
configure:2507: $? = 1
configure:2530: checking for C++ compiler default output file name
configure:2552: g++    conftest.cpp  >&5
configure:2556: $? = 0
configure:2594: result: a.out
configure:2613: checking whether the C++ compiler works
configure:2623: ./a.out
configure:2627: $? = 0
configure:2646: result: yes
configure:2653: checking whether we are cross compiling
configure:2655: result: no
configure:2658: checking for suffix of executables
configure:2665: g++ -o conftest    conftest.cpp  >&5
configure:2669: $? = 0
configure:2695: result: 
configure:2701: checking for suffix of object files
configure:2727: g++ -c   conftest.cpp >&5
configure:2731: $? = 0
configure:2756: result: o
configure:2760: checking whether we are using the GNU C++ compiler
configure:2789: g++ -c   conftest.cpp >&5
configure:2796: $? = 0
configure:2813: result: yes
configure:2822: checking whether g++ accepts -g
configure:2852: g++ -c -g  conftest.cpp >&5
configure:2859: $? = 0
configure:2960: result: yes
configure:2994: checking for style of include used by make
configure:3022: result: GNU
configure:3047: checking dependency style of g++
configure:3157: result: gcc3
configure:3220: checking for gcc
configure:3236: found /usr/bin/gcc
configure:3247: result: gcc
configure:3479: checking for C compiler version
configure:3487: gcc --version >&5
i686-apple-darwin11-llvm-gcc-4.2 (GCC) 4.2.1 (Based on Apple Inc. build 5658) (LLVM build 2335.15.00)
Copyright (C) 2007 Free Software Foundation, Inc.
This is free software; see the source for copying conditions.  There is NO
warranty; not even for MERCHANTABILITY or FITNESS FOR A PARTICULAR PURPOSE.

configure:3491: $? = 0
configure:3498: gcc -v >&5
Using built-in specs.
Target: i686-apple-darwin11
Configured with: /private/var/tmp/llvmgcc42/llvmgcc42-2335.15~25/src/configure --disable-checking --enable-werror --prefix=/Developer/usr/llvm-gcc-4.2 --mandir=/share/man --enable-languages=c,objc,c++,obj-c++ --program-prefix=llvm- --program-transform-name=/^[cg][^.-]*$/s/$/-4.2/ --with-slibdir=/usr/lib --build=i686-apple-darwin11 --enable-llvm=/private/var/tmp/llvmgcc42/llvmgcc42-2335.15~25/dst-llvmCore/Developer/usr/local --program-prefix=i686-apple-darwin11- --host=x86_64-apple-darwin11 --target=i686-apple-darwin11 --with-gxx-include-dir=/usr/include/c++/4.2.1
Thread model: posix
gcc version 4.2.1 (Based on Apple Inc. build 5658) (LLVM build 2335.15.00)
configure:3502: $? = 0
configure:3509: gcc -V >&5
llvm-gcc-4.2: argument to `-V' is missing
configure:3513: $? = 1
configure:3516: checking whether we are using the GNU C compiler
configure:3545: gcc -c   conftest.c >&5
configure:3552: $? = 0
configure:3569: result: yes
configure:3578: checking whether gcc accepts -g
configure:3608: gcc -c -g  conftest.c >&5
configure:3615: $? = 0
configure:3716: result: yes
configure:3733: checking for gcc option to accept ISO C89
configure:3807: gcc  -c -g -O2  conftest.c >&5
configure:3814: $? = 0
configure:3837: result: none needed
configure:3857: checking dependency style of gcc
configure:3967: result: gcc3
configure:3987: checking how to run the C preprocessor
configure:4027: gcc -E  conftest.c
configure:4034: $? = 0
configure:4065: gcc -E  conftest.c
conftest.c:10:28: error: ac_nonexistent.h: No such file or directory
configure:4072: $? = 1
configure: failed program was:
| /* confdefs.h.  */
| #define PACKAGE_NAME "SurveySim"
| #define PACKAGE_TARNAME "surveysim"
| #define PACKAGE_VERSION "1.0"
| #define PACKAGE_STRING "SurveySim 1.0"
| #define PACKAGE_BUGREPORT "nkurinsky91@gmail.com"
| #define PACKAGE "SurveySim"
| #define VERSION "1.0"
| /* end confdefs.h.  */
| #include <ac_nonexistent.h>
configure:4105: result: gcc -E
configure:4134: gcc -E  conftest.c
configure:4141: $? = 0
configure:4172: gcc -E  conftest.c
conftest.c:10:28: error: ac_nonexistent.h: No such file or directory
configure:4179: $? = 1
configure: failed program was:
| /* confdefs.h.  */
| #define PACKAGE_NAME "SurveySim"
| #define PACKAGE_TARNAME "surveysim"
| #define PACKAGE_VERSION "1.0"
| #define PACKAGE_STRING "SurveySim 1.0"
| #define PACKAGE_BUGREPORT "nkurinsky91@gmail.com"
| #define PACKAGE "SurveySim"
| #define VERSION "1.0"
| /* end confdefs.h.  */
| #include <ac_nonexistent.h>
configure:4224: checking for main in -lm
configure:4253: gcc -o conftest -g -O2   conftest.c -lm  -lm -lgslcblas -lgsl -lcfitsio -lCCFits >&5
configure:4260: $? = 0
configure:4281: result: yes
configure:4293: checking for main in -lgslcblas
configure:4322: gcc -o conftest -g -O2   conftest.c -lgslcblas  -lm -lm -lgslcblas -lgsl -lcfitsio -lCCFits >&5
configure:4329: $? = 0
configure:4350: result: yes
configure:4366: checking for main in -lgsl
configure:4395: gcc -o conftest -g -O2   conftest.c -lgsl  -lgslcblas -lm -lm -lgslcblas -lgsl -lcfitsio -lCCFits >&5
configure:4402: $? = 0
configure:4423: result: yes
configure:4439: checking for ffopen in -lcfitsio
configure:4474: gcc -o conftest -g -O2   conftest.c -lcfitsio  -lgsl -lgslcblas -lm -lm -lgslcblas -lgsl -lcfitsio -lCCFits >&5
configure:4481: $? = 0
configure:4502: result: yes
configure:4518: checking for main in -lCCFits
configure:4547: gcc -o conftest -g -O2   conftest.c -lCCFits  -lcfitsio -lgsl -lgslcblas -lm -lm -lgslcblas -lgsl -lcfitsio -lCCFits >&5
configure:4554: $? = 0
configure:4575: result: yes
configure:4593: checking for grep that handles long lines and -e
configure:4653: result: /usr/bin/grep
configure:4658: checking for egrep
configure:4722: result: /usr/bin/grep -E
configure:4727: checking for ANSI C header files
configure:4757: gcc -c -g -O2  conftest.c >&5
configure:4764: $? = 0
configure:4863: gcc -o conftest -g -O2   conftest.c -lCCFits -lcfitsio -lgsl -lgslcblas -lm -lm -lgslcblas -lgsl -lcfitsio -lCCFits >&5
configure:4867: $? = 0
configure:4873: ./conftest
configure:4877: $? = 0
configure:4895: result: yes
configure:4919: checking for sys/types.h
configure:4940: gcc -c -g -O2  conftest.c >&5
configure:4947: $? = 0
configure:4964: result: yes
configure:4919: checking for sys/stat.h
configure:4940: gcc -c -g -O2  conftest.c >&5
configure:4947: $? = 0
configure:4964: result: yes
configure:4919: checking for stdlib.h
configure:4940: gcc -c -g -O2  conftest.c >&5
configure:4947: $? = 0
configure:4964: result: yes
configure:4919: checking for string.h
configure:4940: gcc -c -g -O2  conftest.c >&5
configure:4947: $? = 0
configure:4964: result: yes
configure:4919: checking for memory.h
configure:4940: gcc -c -g -O2  conftest.c >&5
configure:4947: $? = 0
configure:4964: result: yes
configure:4919: checking for strings.h
configure:4940: gcc -c -g -O2  conftest.c >&5
configure:4947: $? = 0
configure:4964: result: yes
configure:4919: checking for inttypes.h
configure:4940: gcc -c -g -O2  conftest.c >&5
configure:4947: $? = 0
configure:4964: result: yes
configure:4919: checking for stdint.h
configure:4940: gcc -c -g -O2  conftest.c >&5
configure:4947: $? = 0
configure:4964: result: yes
configure:4919: checking for unistd.h
configure:4940: gcc -c -g -O2  conftest.c >&5
configure:4947: $? = 0
configure:4964: result: yes
configure:4983: checking for stdlib.h
configure:4990: result: yes
configure:5131: checking for stdbool.h that conforms to C99
configure:5226: gcc -c -g -O2  conftest.c >&5
conftest.c:81: error: initializer element is not constant
configure:5233: $? = 1
configure: failed program was:
| /* confdefs.h.  */
| #define PACKAGE_NAME "SurveySim"
| #define PACKAGE_TARNAME "surveysim"
| #define PACKAGE_VERSION "1.0"
| #define PACKAGE_STRING "SurveySim 1.0"
| #define PACKAGE_BUGREPORT "nkurinsky91@gmail.com"
| #define PACKAGE "SurveySim"
| #define VERSION "1.0"
| #define HAVE_LIBM 1
| #define HAVE_LIBGSLCBLAS 1
| #define HAVE_LIBGSL 1
| #define HAVE_LIBCFITSIO 1
| #define HAVE_LIBCCFITS 1
| #define STDC_HEADERS 1
| #define HAVE_SYS_TYPES_H 1
| #define HAVE_SYS_STAT_H 1
| #define HAVE_STDLIB_H 1
| #define HAVE_STRING_H 1
| #define HAVE_MEMORY_H 1
| #define HAVE_STRINGS_H 1
| #define HAVE_INTTYPES_H 1
| #define HAVE_STDINT_H 1
| #define HAVE_UNISTD_H 1
| #define HAVE_STDLIB_H 1
| /* end confdefs.h.  */
| 
| #include <stdbool.h>
| #ifndef bool
|  "error: bool is not defined"
| #endif
| #ifndef false
|  "error: false is not defined"
| #endif
| #if false
|  "error: false is not 0"
| #endif
| #ifndef true
|  "error: true is not defined"
| #endif
| #if true != 1
|  "error: true is not 1"
| #endif
| #ifndef __bool_true_false_are_defined
|  "error: __bool_true_false_are_defined is not defined"
| #endif
| 
| 	struct s { _Bool s: 1; _Bool t; } s;
| 
| 	char a[true == 1 ? 1 : -1];
| 	char b[false == 0 ? 1 : -1];
| 	char c[__bool_true_false_are_defined == 1 ? 1 : -1];
| 	char d[(bool) 0.5 == true ? 1 : -1];
| 	bool e = &s;
| 	char f[(_Bool) 0.0 == false ? 1 : -1];
| 	char g[true];
| 	char h[sizeof (_Bool)];
| 	char i[sizeof s.t];
| 	enum { j = false, k = true, l = false * true, m = true * 256 };
| 	/* The following fails for
| 	   HP aC++/ANSI C B3910B A.05.55 [Dec 04 2003]. */
| 	_Bool n[m];
| 	char o[sizeof n == m * sizeof n[0] ? 1 : -1];
| 	char p[-1 - (_Bool) 0 < 0 && -1 - (bool) 0 < 0 ? 1 : -1];
| #	if defined __xlc__ || defined __GNUC__
| 	 /* Catch a bug in IBM AIX xlc compiler version 6.0.0.0
| 	    reported by James Lemley on 2005-10-05; see
| 	    http://lists.gnu.org/archive/html/bug-coreutils/2005-10/msg00086.html
| 	    This test is not quite right, since xlc is allowed to
| 	    reject this program, as the initializer for xlcbug is
| 	    not one of the forms that C requires support for.
| 	    However, doing the test right would require a runtime
| 	    test, and that would make cross-compilation harder.
| 	    Let us hope that IBM fixes the xlc bug, and also adds
| 	    support for this kind of constant expression.  In the
| 	    meantime, this test will reject xlc, which is OK, since
| 	    our stdbool.h substitute should suffice.  We also test
| 	    this with GCC, where it should work, to detect more
| 	    quickly whether someone messes up the test in the
| 	    future.  */
| 	 char digs[] = "0123456789";
| 	 int xlcbug = 1 / (&(digs + 5)[-2 + (bool) 1] == &digs[4] ? 1 : -1);
| #	endif
| 	/* Catch a bug in an HP-UX C compiler.  See
| 	   http://gcc.gnu.org/ml/gcc-patches/2003-12/msg02303.html
| 	   http://lists.gnu.org/archive/html/bug-coreutils/2005-11/msg00161.html
| 	 */
| 	_Bool q = true;
| 	_Bool *pq = &q;
| 
| int
| main ()
| {
| 
| 	*pq |= q;
| 	*pq |= ! q;
| 	/* Refer to every declared value, to avoid compiler optimizations.  */
| 	return (!a + !b + !c + !d + !e + !f + !g + !h + !i + !!j + !k + !!l
| 		+ !m + !n + !o + !p + !q + !pq);
| 
|   ;
|   return 0;
| }
configure:5248: result: no
configure:5250: checking for _Bool
configure:5278: gcc -c -g -O2  conftest.c >&5
configure:5285: $? = 0
configure:5312: gcc -c -g -O2  conftest.c >&5
conftest.c: In function 'main':
conftest.c:62: error: expected expression before ')' token
configure:5319: $? = 1
configure: failed program was:
| /* confdefs.h.  */
| #define PACKAGE_NAME "SurveySim"
| #define PACKAGE_TARNAME "surveysim"
| #define PACKAGE_VERSION "1.0"
| #define PACKAGE_STRING "SurveySim 1.0"
| #define PACKAGE_BUGREPORT "nkurinsky91@gmail.com"
| #define PACKAGE "SurveySim"
| #define VERSION "1.0"
| #define HAVE_LIBM 1
| #define HAVE_LIBGSLCBLAS 1
| #define HAVE_LIBGSL 1
| #define HAVE_LIBCFITSIO 1
| #define HAVE_LIBCCFITS 1
| #define STDC_HEADERS 1
| #define HAVE_SYS_TYPES_H 1
| #define HAVE_SYS_STAT_H 1
| #define HAVE_STDLIB_H 1
| #define HAVE_STRING_H 1
| #define HAVE_MEMORY_H 1
| #define HAVE_STRINGS_H 1
| #define HAVE_INTTYPES_H 1
| #define HAVE_STDINT_H 1
| #define HAVE_UNISTD_H 1
| #define HAVE_STDLIB_H 1
| /* end confdefs.h.  */
| #include <stdio.h>
| #ifdef HAVE_SYS_TYPES_H
| # include <sys/types.h>
| #endif
| #ifdef HAVE_SYS_STAT_H
| # include <sys/stat.h>
| #endif
| #ifdef STDC_HEADERS
| # include <stdlib.h>
| # include <stddef.h>
| #else
| # ifdef HAVE_STDLIB_H
| #  include <stdlib.h>
| # endif
| #endif
| #ifdef HAVE_STRING_H
| # if !defined STDC_HEADERS && defined HAVE_MEMORY_H
| #  include <memory.h>
| # endif
| # include <string.h>
| #endif
| #ifdef HAVE_STRINGS_H
| # include <strings.h>
| #endif
| #ifdef HAVE_INTTYPES_H
| # include <inttypes.h>
| #endif
| #ifdef HAVE_STDINT_H
| # include <stdint.h>
| #endif
| #ifdef HAVE_UNISTD_H
| # include <unistd.h>
| #endif
| int
| main ()
| {
| if (sizeof ((_Bool)))
| 	  return 0;
|   ;
|   return 0;
| }
configure:5342: result: yes
configure:5361: checking for size_t
configure:5389: gcc -c -g -O2  conftest.c >&5
configure:5396: $? = 0
configure:5423: gcc -c -g -O2  conftest.c >&5
conftest.c: In function 'main':
conftest.c:63: error: expected expression before ')' token
configure:5430: $? = 1
configure: failed program was:
| /* confdefs.h.  */
| #define PACKAGE_NAME "SurveySim"
| #define PACKAGE_TARNAME "surveysim"
| #define PACKAGE_VERSION "1.0"
| #define PACKAGE_STRING "SurveySim 1.0"
| #define PACKAGE_BUGREPORT "nkurinsky91@gmail.com"
| #define PACKAGE "SurveySim"
| #define VERSION "1.0"
| #define HAVE_LIBM 1
| #define HAVE_LIBGSLCBLAS 1
| #define HAVE_LIBGSL 1
| #define HAVE_LIBCFITSIO 1
| #define HAVE_LIBCCFITS 1
| #define STDC_HEADERS 1
| #define HAVE_SYS_TYPES_H 1
| #define HAVE_SYS_STAT_H 1
| #define HAVE_STDLIB_H 1
| #define HAVE_STRING_H 1
| #define HAVE_MEMORY_H 1
| #define HAVE_STRINGS_H 1
| #define HAVE_INTTYPES_H 1
| #define HAVE_STDINT_H 1
| #define HAVE_UNISTD_H 1
| #define HAVE_STDLIB_H 1
| #define HAVE__BOOL 1
| /* end confdefs.h.  */
| #include <stdio.h>
| #ifdef HAVE_SYS_TYPES_H
| # include <sys/types.h>
| #endif
| #ifdef HAVE_SYS_STAT_H
| # include <sys/stat.h>
| #endif
| #ifdef STDC_HEADERS
| # include <stdlib.h>
| # include <stddef.h>
| #else
| # ifdef HAVE_STDLIB_H
| #  include <stdlib.h>
| # endif
| #endif
| #ifdef HAVE_STRING_H
| # if !defined STDC_HEADERS && defined HAVE_MEMORY_H
| #  include <memory.h>
| # endif
| # include <string.h>
| #endif
| #ifdef HAVE_STRINGS_H
| # include <strings.h>
| #endif
| #ifdef HAVE_INTTYPES_H
| # include <inttypes.h>
| #endif
| #ifdef HAVE_STDINT_H
| # include <stdint.h>
| #endif
| #ifdef HAVE_UNISTD_H
| # include <unistd.h>
| #endif
| int
| main ()
| {
| if (sizeof ((size_t)))
| 	  return 0;
|   ;
|   return 0;
| }
configure:5453: result: yes
configure:5473: checking for floor
configure:5529: gcc -o conftest -g -O2   conftest.c -lCCFits -lcfitsio -lgsl -lgslcblas -lm -lm -lgslcblas -lgsl -lcfitsio -lCCFits >&5
conftest.c:50: warning: conflicting types for built-in function 'floor'
configure:5536: $? = 0
configure:5558: result: yes
configure:5473: checking for pow
configure:5529: gcc -o conftest -g -O2   conftest.c -lCCFits -lcfitsio -lgsl -lgslcblas -lm -lm -lgslcblas -lgsl -lcfitsio -lCCFits >&5
conftest.c:51: warning: conflicting types for built-in function 'pow'
configure:5536: $? = 0
configure:5558: result: yes
configure:5473: checking for sqrt
configure:5529: gcc -o conftest -g -O2   conftest.c -lCCFits -lcfitsio -lgsl -lgslcblas -lm -lm -lgslcblas -lgsl -lcfitsio -lCCFits >&5
conftest.c:52: warning: conflicting types for built-in function 'sqrt'
configure:5536: $? = 0
configure:5558: result: yes
configure:5740: creating ./config.status

## ---------------------- ##
## Running config.status. ##
## ---------------------- ##

This file was extended by SurveySim config.status 1.0, which was
generated by GNU Autoconf 2.63.  Invocation command line was

  CONFIG_FILES    = 
  CONFIG_HEADERS  = 
  CONFIG_LINKS    = 
  CONFIG_COMMANDS = 
  $ ./config.status 

on Annas-MacBook-Pro-2.local

config.status:701: creating Makefile
config.status:701: creating src/Makefile
config.status:912: executing depfiles commands

## ---------------- ##
## Cache variables. ##
## ---------------- ##

ac_cv_c_compiler_gnu=yes
ac_cv_cxx_compiler_gnu=yes
ac_cv_env_CCC_set=
ac_cv_env_CCC_value=
ac_cv_env_CC_set=
ac_cv_env_CC_value=
ac_cv_env_CFLAGS_set=
ac_cv_env_CFLAGS_value=
ac_cv_env_CPPFLAGS_set=
ac_cv_env_CPPFLAGS_value=
ac_cv_env_CPP_set=
ac_cv_env_CPP_value=
ac_cv_env_CXXFLAGS_set=
ac_cv_env_CXXFLAGS_value=
ac_cv_env_CXX_set=
ac_cv_env_CXX_value=
ac_cv_env_LDFLAGS_set=
ac_cv_env_LDFLAGS_value=
ac_cv_env_LIBS_set=
ac_cv_env_LIBS_value=
ac_cv_env_build_alias_set=
ac_cv_env_build_alias_value=
ac_cv_env_host_alias_set=
ac_cv_env_host_alias_value=
ac_cv_env_target_alias_set=
ac_cv_env_target_alias_value=
ac_cv_func_floor=yes
ac_cv_func_pow=yes
ac_cv_func_sqrt=yes
ac_cv_header_inttypes_h=yes
ac_cv_header_memory_h=yes
ac_cv_header_stdbool_h=no
ac_cv_header_stdc=yes
ac_cv_header_stdint_h=yes
ac_cv_header_stdlib_h=yes
ac_cv_header_string_h=yes
ac_cv_header_strings_h=yes
ac_cv_header_sys_stat_h=yes
ac_cv_header_sys_types_h=yes
ac_cv_header_unistd_h=yes
ac_cv_lib_CCFits_main=yes
ac_cv_lib_cfitsio_ffopen=yes
ac_cv_lib_gsl_main=yes
ac_cv_lib_gslcblas_main=yes
ac_cv_lib_m_main=yes
ac_cv_objext=o
ac_cv_path_EGREP='/usr/bin/grep -E'
ac_cv_path_GREP=/usr/bin/grep
ac_cv_path_install='/usr/bin/install -c'
ac_cv_prog_AWK=awk
ac_cv_prog_CPP='gcc -E'
ac_cv_prog_ac_ct_CC=gcc
ac_cv_prog_ac_ct_CXX=g++
ac_cv_prog_cc_c89=
ac_cv_prog_cc_g=yes
ac_cv_prog_cxx_g=yes
ac_cv_prog_make_make_set=yes
ac_cv_type__Bool=yes
ac_cv_type_size_t=yes
am_cv_CC_dependencies_compiler_type=gcc3
am_cv_CXX_dependencies_compiler_type=gcc3

## ----------------- ##
## Output variables. ##
## ----------------- ##

ACLOCAL='${SHELL} /Users/annie/students/noah_kurinsky/SurveySim/Source/missing --run aclocal-1.11'
AMDEPBACKSLASH='\'
AMDEP_FALSE='#'
AMDEP_TRUE=''
AMTAR='${SHELL} /Users/annie/students/noah_kurinsky/SurveySim/Source/missing --run tar'
AUTOCONF='${SHELL} /Users/annie/students/noah_kurinsky/SurveySim/Source/missing --run autoconf'
AUTOHEADER='${SHELL} /Users/annie/students/noah_kurinsky/SurveySim/Source/missing --run autoheader'
AUTOMAKE='${SHELL} /Users/annie/students/noah_kurinsky/SurveySim/Source/missing --run automake-1.11'
AWK='awk'
CC='gcc'
CCDEPMODE='depmode=gcc3'
CFLAGS='-g -O2'
CPP='gcc -E'
CPPFLAGS=''
CXX='g++'
CXXDEPMODE='depmode=gcc3'
CXXFLAGS='-g -O2'
CYGPATH_W='echo'
DEFS='-DPACKAGE_NAME=\"SurveySim\" -DPACKAGE_TARNAME=\"surveysim\" -DPACKAGE_VERSION=\"1.0\" -DPACKAGE_STRING=\"SurveySim\ 1.0\" -DPACKAGE_BUGREPORT=\"nkurinsky91@gmail.com\" -DPACKAGE=\"SurveySim\" -DVERSION=\"1.0\" -DHAVE_LIBM=1 -DHAVE_LIBGSLCBLAS=1 -DHAVE_LIBGSL=1 -DHAVE_LIBCFITSIO=1 -DHAVE_LIBCCFITS=1 -DSTDC_HEADERS=1 -DHAVE_SYS_TYPES_H=1 -DHAVE_SYS_STAT_H=1 -DHAVE_STDLIB_H=1 -DHAVE_STRING_H=1 -DHAVE_MEMORY_H=1 -DHAVE_STRINGS_H=1 -DHAVE_INTTYPES_H=1 -DHAVE_STDINT_H=1 -DHAVE_UNISTD_H=1 -DHAVE_STDLIB_H=1 -DHAVE__BOOL=1 -DHAVE_FLOOR=1 -DHAVE_POW=1 -DHAVE_SQRT=1'
DEPDIR='.deps'
ECHO_C='\c'
ECHO_N=''
ECHO_T=''
EGREP='/usr/bin/grep -E'
EXEEXT=''
GREP='/usr/bin/grep'
INSTALL_DATA='${INSTALL} -m 644'
INSTALL_PROGRAM='${INSTALL}'
INSTALL_SCRIPT='${INSTALL}'
INSTALL_STRIP_PROGRAM='$(install_sh) -c -s'
LDFLAGS=''
LIBOBJS=''
LIBS='-lCCFits -lcfitsio -lgsl -lgslcblas -lm -lm -lgslcblas -lgsl -lcfitsio -lCCFits'
LTLIBOBJS=''
MAKEINFO='${SHELL} /Users/annie/students/noah_kurinsky/SurveySim/Source/missing --run makeinfo'
MKDIR_P='./install-sh -c -d'
OBJEXT='o'
PACKAGE='SurveySim'
PACKAGE_BUGREPORT='nkurinsky91@gmail.com'
PACKAGE_NAME='SurveySim'
PACKAGE_STRING='SurveySim 1.0'
PACKAGE_TARNAME='surveysim'
PACKAGE_VERSION='1.0'
PATH_SEPARATOR=':'
SET_MAKE=''
SHELL='/bin/sh'
STRIP=''
VERSION='1.0'
ac_ct_CC='gcc'
ac_ct_CXX='g++'
am__EXEEXT_FALSE=''
am__EXEEXT_TRUE='#'
am__fastdepCC_FALSE='#'
am__fastdepCC_TRUE=''
am__fastdepCXX_FALSE='#'
am__fastdepCXX_TRUE=''
am__include='include'
am__isrc=''
am__leading_dot='.'
am__quote=''
am__tar='${AMTAR} chof - "$$tardir"'
am__untar='${AMTAR} xf -'
bindir='${exec_prefix}/bin'
build_alias=''
datadir='${datarootdir}'
datarootdir='${prefix}/share'
docdir='${datarootdir}/doc/${PACKAGE_TARNAME}'
dvidir='${docdir}'
exec_prefix='${prefix}'
host_alias=''
htmldir='${docdir}'
includedir='${prefix}/include'
infodir='${datarootdir}/info'
install_sh='${SHELL} /Users/annie/students/noah_kurinsky/SurveySim/Source/install-sh'
libdir='${exec_prefix}/lib'
libexecdir='${exec_prefix}/libexec'
localedir='${datarootdir}/locale'
localstatedir='${prefix}/var'
mandir='${datarootdir}/man'
mkdir_p='$(top_builddir)/./install-sh -c -d'
oldincludedir='/usr/include'
pdfdir='${docdir}'
prefix='/usr/local'
program_transform_name='s,x,x,'
psdir='${docdir}'
sbindir='${exec_prefix}/sbin'
sharedstatedir='${prefix}/com'
sysconfdir='${prefix}/etc'
target_alias=''

## ----------- ##
## confdefs.h. ##
## ----------- ##

#define PACKAGE_NAME "SurveySim"
#define PACKAGE_TARNAME "surveysim"
#define PACKAGE_VERSION "1.0"
#define PACKAGE_STRING "SurveySim 1.0"
#define PACKAGE_BUGREPORT "nkurinsky91@gmail.com"
#define PACKAGE "SurveySim"
#define VERSION "1.0"
#define HAVE_LIBM 1
#define HAVE_LIBGSLCBLAS 1
#define HAVE_LIBGSL 1
#define HAVE_LIBCFITSIO 1
#define HAVE_LIBCCFITS 1
#define STDC_HEADERS 1
#define HAVE_SYS_TYPES_H 1
#define HAVE_SYS_STAT_H 1
#define HAVE_STDLIB_H 1
#define HAVE_STRING_H 1
#define HAVE_MEMORY_H 1
#define HAVE_STRINGS_H 1
#define HAVE_INTTYPES_H 1
#define HAVE_STDINT_H 1
#define HAVE_UNISTD_H 1
#define HAVE_STDLIB_H 1
#define HAVE__BOOL 1
#define HAVE_FLOOR 1
#define HAVE_POW 1
#define HAVE_SQRT 1

configure: exit 0
